<?xml version="1.0" encoding="UTF-8"?>
<!-- Generated by org.testng.reporters.JUnitReportReporter -->
<testsuite hostname="DESKTOP-LOTA8N8" failures="0" tests="2" name="testLayer.ShoppingCartTest" time="13.735" errors="0" timestamp="2023-07-02T23:16:15 EDT" skipped="0">
  <testcase classname="testLayer.ShoppingCartTest" name="Title" time="4.550"/>
  <system-out/>
  <testcase classname="testLayer.ShoppingCartTest" name="Loginmodule" time="9.185"/>
  <system-out/>
</testsuite> <!-- testLayer.ShoppingCartTest -->
