<?xml version="1.0" encoding="UTF-8"?>
<!-- Generated by org.testng.reporters.JUnitReportReporter -->
<testsuite hostname="DESKTOP-LOTA8N8" failures="0" tests="2" name="testLayer.SortingProductTest" time="15.208" errors="0" timestamp="2023-07-02T23:16:15 EDT" skipped="0">
  <testcase classname="testLayer.SortingProductTest" name="Title" time="3.948"/>
  <system-out/>
  <testcase classname="testLayer.SortingProductTest" name="Loginmodule" time="11.260"/>
  <system-out/>
</testsuite> <!-- testLayer.SortingProductTest -->
