<?xml version="1.0" encoding="UTF-8"?>
<!-- Generated by org.testng.reporters.JUnitReportReporter -->
<testsuite hostname="DESKTOP-LOTA8N8" failures="0" tests="2" name="testLayer.YourOrderTest" time="29.963" errors="0" timestamp="2023-07-02T23:16:15 EDT" skipped="0">
  <testcase classname="testLayer.YourOrderTest" name="Title" time="11.853"/>
  <system-out/>
  <testcase classname="testLayer.YourOrderTest" name="account" time="18.110"/>
  <system-out/>
</testsuite> <!-- testLayer.YourOrderTest -->
