<?xml version="1.0" encoding="UTF-8"?>
<!-- Generated by org.testng.reporters.JUnitReportReporter -->
<testsuite hostname="DESKTOP-LOTA8N8" failures="0" tests="4" name="testLayer.LoginPageTest" time="18.433" errors="0" timestamp="2023-07-02T23:16:15 EDT" skipped="0">
  <testcase classname="testLayer.LoginPageTest" name="Title" time="3.865"/>
  <system-out/>
  <testcase classname="testLayer.LoginPageTest" name="Loginmodule" time="5.071"/>
  <system-out/>
  <testcase classname="testLayer.LoginPageTest" name="Loginmodule" time="4.706"/>
  <system-out/>
  <testcase classname="testLayer.LoginPageTest" name="Loginmodule" time="4.791"/>
  <system-out/>
</testsuite> <!-- testLayer.LoginPageTest -->
