<?xml version="1.0" encoding="UTF-8"?>
<!-- Generated by org.testng.reporters.JUnitReportReporter -->
<testsuite hostname="DESKTOP-LOTA8N8" failures="0" tests="2" name="testLayer.AddYourPaymentMethodTest" time="37.874" errors="0" timestamp="2023-07-02T23:16:15 EDT" skipped="0">
  <testcase classname="testLayer.AddYourPaymentMethodTest" name="Title" time="12.535"/>
  <system-out/>
  <testcase classname="testLayer.AddYourPaymentMethodTest" name="paymentmod" time="25.339"/>
  <system-out/>
</testsuite> <!-- testLayer.AddYourPaymentMethodTest -->
