<?xml version="1.0" encoding="UTF-8"?>
<!-- Generated by org.testng.reporters.JUnitReportReporter -->
<testsuite hostname="DESKTOP-LOTA8N8" failures="0" tests="2" name="testLayer.LoginSecurityTest" time="13.154" errors="0" timestamp="2023-07-02T23:16:15 EDT" skipped="0">
  <testcase classname="testLayer.LoginSecurityTest" name="Title" time="4.045"/>
  <system-out/>
  <testcase classname="testLayer.LoginSecurityTest" name="Loginmodule" time="9.109"/>
  <system-out/>
</testsuite> <!-- testLayer.LoginSecurityTest -->
