<?xml version="1.0" encoding="UTF-8"?>
<!-- Generated by org.testng.reporters.JUnitReportReporter -->
<testsuite hostname="DESKTOP-LOTA8N8" failures="0" tests="1" name="testLayer.GuestAccountTest" time="18.298" errors="0" timestamp="2023-07-02T23:16:15 EDT" skipped="0">
  <testcase classname="testLayer.GuestAccountTest" name="User" time="18.298"/>
  <system-out/>
</testsuite> <!-- testLayer.GuestAccountTest -->
