<?xml version="1.0" encoding="UTF-8"?>
<!-- Generated by org.testng.reporters.JUnitReportReporter -->
<testsuite hostname="DESKTOP-LOTA8N8" failures="0" tests="2" name="testLayer.YourAccountTest" time="32.304" errors="0" timestamp="2023-07-02T23:16:15 EDT" skipped="0">
  <testcase classname="testLayer.YourAccountTest" name="Title" time="11.892"/>
  <system-out/>
  <testcase classname="testLayer.YourAccountTest" name="account" time="20.412"/>
  <system-out/>
</testsuite> <!-- testLayer.YourAccountTest -->
